#
# There is insufficient memory for the Java Runtime Environment to continue.
# Native memory allocation (malloc) failed to allocate 1048576 bytes for AllocateHeap
# Possible reasons:
#   The system is out of physical RAM or swap space
#   In 32 bit mode, the process size limit was hit
# Possible solutions:
#   Reduce memory load on the system
#   Increase physical memory or swap space
#   Check if swap backing store is full
#   Use 64 bit Java on a 64 bit OS
#   Decrease Java heap size (-Xmx/-Xms)
#   Decrease number of Java threads
#   Decrease Java thread stack sizes (-Xss)
#   Set larger code cache with -XX:ReservedCodeCacheSize=
# This output file may be truncated or incomplete.
#
#  Out of Memory Error (memory/allocation.inline.hpp:62), pid=4336, tid=2156
#
# JRE version:  (8.0_20-b26) (build )
# Java VM: Java HotSpot(TM) 64-Bit Server VM (25.20-b23 mixed mode windows-amd64 compressed oops)
# Failed to write core dump. Minidumps are not enabled by default on client versions of Windows
#

---------------  T H R E A D  ---------------

Current thread (0x0000000002140800):  JavaThread "Unknown thread" [_thread_in_vm, id=2156, stack(0x0000000002040000,0x0000000002140000)]

Stack: [0x0000000002040000,0x0000000002140000]
Native frames: (J=compiled Java code, j=interpreted, Vv=VM code, C=native code)
V  [jvm.dll+0x3152fa]
V  [jvm.dll+0x265d03]
V  [jvm.dll+0x266943]
V  [jvm.dll+0x25e265]
V  [jvm.dll+0x25d2bf]
V  [jvm.dll+0x3d4dec]
V  [jvm.dll+0x3d0637]
V  [jvm.dll+0xe4472]
V  [jvm.dll+0x1f8a09]
V  [jvm.dll+0x229fc4]
V  [jvm.dll+0x14c6f1]
C  [java.exe+0x20b6]
C  [java.exe+0xc9bb]
C  [java.exe+0xca4f]
C  [KERNEL32.DLL+0x13d2]
C  [ntdll.dll+0x15444]


---------------  P R O C E S S  ---------------

Java Threads: ( => current thread )

Other Threads:

=>0x0000000002140800 (exited) JavaThread "Unknown thread" [_thread_in_vm, id=2156, stack(0x0000000002040000,0x0000000002140000)]

VM state:not at safepoint (normal execution)

VM Mutex/Monitor currently owned by a thread: None

Heap:
 PSYoungGen      total 18944K, used 327K [0x00000000eb000000, 0x00000000ec500000, 0x0000000100000000)
  eden space 16384K, 2% used [0x00000000eb000000,0x00000000eb051ec8,0x00000000ec000000)
  from space 2560K, 0% used [0x00000000ec280000,0x00000000ec280000,0x00000000ec500000)
  to   space 2560K, 0% used [0x00000000ec000000,0x00000000ec000000,0x00000000ec280000)
 ParOldGen       total 44032K, used 0K [0x00000000c1000000, 0x00000000c3b00000, 0x00000000eb000000)
  object space 44032K, 0% used [0x00000000c1000000,0x00000000c1000000,0x00000000c3b00000)
 Metaspace       used 674K, capacity 4480K, committed 4480K, reserved 1056768K
  class space    used 66K, capacity 384K, committed 384K, reserved 1048576K

Card table byte_map: [0x0000000011600000,0x0000000011800000] byte_map_base: 0x0000000010ff8000

Marking Bits: (ParMarkBitMap*) 0x000000006bacb460
 Begin Bits: [0x0000000011d50000, 0x0000000012d10000)
 End Bits:   [0x0000000012d10000, 0x0000000013cd0000)

Polling page: 0x0000000000850000

CodeCache: size=245760Kb used=327Kb max_used=327Kb free=245432Kb
 bounds [0x0000000002240000, 0x00000000024b0000, 0x0000000011240000]
 total_blobs=56 nmethods=0 adapters=37
 compilation: enabled

Compilation events (0 events):
No events

GC Heap History (0 events):
No events

Deoptimization events (0 events):
No events

Internal exceptions (0 events):
No events

Events (10 events):
Event: 0.038 loading class java/lang/Short
Event: 0.038 loading class java/lang/Short done
Event: 0.038 loading class java/lang/Integer
Event: 0.039 loading class java/lang/Integer done
Event: 0.039 loading class java/lang/Long
Event: 0.039 loading class java/lang/Long done
Event: 0.039 loading class java/lang/NullPointerException
Event: 0.039 loading class java/lang/NullPointerException done
Event: 0.039 loading class java/lang/ArithmeticException
Event: 0.039 loading class java/lang/ArithmeticException done


Dynamic libraries:
0x00007ff7a28a0000 - 0x00007ff7a28d4000 	C:\Program Files\Java\jdk1.8.0_20\jre\bin\java.exe
0x00007ffca4fd0000 - 0x00007ffca517c000 	C:\WINDOWS\SYSTEM32\ntdll.dll
0x00007ffca4790000 - 0x00007ffca48ce000 	C:\WINDOWS\system32\KERNEL32.DLL
0x00007ffca2430000 - 0x00007ffca2545000 	C:\WINDOWS\system32\KERNELBASE.dll
0x00007ffca0b00000 - 0x00007ffca0b8e000 	C:\WINDOWS\system32\apphelp.dll
0x00007ffc87260000 - 0x00007ffc872b3000 	C:\WINDOWS\AppPatch\AppPatch64\AcGenral.DLL
0x00007ffca4490000 - 0x00007ffca453a000 	C:\WINDOWS\system32\msvcrt.dll
0x00007ffca1ef0000 - 0x00007ffca1f1e000 	C:\WINDOWS\SYSTEM32\SspiCli.dll
0x00007ffca2710000 - 0x00007ffca2764000 	C:\WINDOWS\system32\SHLWAPI.dll
0x00007ffca4610000 - 0x00007ffca4787000 	C:\WINDOWS\system32\USER32.dll
0x00007ffca3f10000 - 0x00007ffca40a4000 	C:\WINDOWS\system32\ole32.dll
0x00007ffca2820000 - 0x00007ffca3d38000 	C:\WINDOWS\system32\SHELL32.dll
0x00007ffca16c0000 - 0x00007ffca16e1000 	C:\WINDOWS\SYSTEM32\USERENV.dll
0x00007ffca2770000 - 0x00007ffca281a000 	C:\WINDOWS\system32\ADVAPI32.dll
0x00007ffc8f030000 - 0x00007ffc8f04e000 	C:\WINDOWS\SYSTEM32\MPR.dll
0x00007ffca4340000 - 0x00007ffca4481000 	C:\WINDOWS\system32\RPCRT4.dll
0x00007ffca45a0000 - 0x00007ffca45f9000 	C:\WINDOWS\SYSTEM32\sechost.dll
0x00007ffca4120000 - 0x00007ffca4331000 	C:\WINDOWS\SYSTEM32\combase.dll
0x00007ffca4c30000 - 0x00007ffca4d81000 	C:\WINDOWS\system32\GDI32.dll
0x00007ffca2120000 - 0x00007ffca2135000 	C:\WINDOWS\SYSTEM32\profapi.dll
0x00007ffca0050000 - 0x00007ffca0102000 	C:\WINDOWS\SYSTEM32\SHCORE.dll
0x00007ffca4ec0000 - 0x00007ffca4ef6000 	C:\WINDOWS\system32\IMM32.DLL
0x00007ffca4ac0000 - 0x00007ffca4c12000 	C:\WINDOWS\system32\MSCTF.dll
0x00007ffc9f6d0000 - 0x00007ffc9f94b000 	C:\WINDOWS\WinSxS\amd64_microsoft.windows.common-controls_6595b64144ccf1df_6.0.9600.17784_none_624760d1ecb7236e\COMCTL32.dll
0x000000006b210000 - 0x000000006b2e2000 	C:\Program Files\Java\jdk1.8.0_20\jre\bin\msvcr100.dll
0x000000006b2f0000 - 0x000000006bb48000 	C:\Program Files\Java\jdk1.8.0_20\jre\bin\server\jvm.dll
0x00007ffc9fdd0000 - 0x00007ffc9fdd9000 	C:\WINDOWS\SYSTEM32\WSOCK32.dll
0x00007ffc9efa0000 - 0x00007ffc9efc2000 	C:\WINDOWS\SYSTEM32\WINMM.dll
0x00007ffca4c20000 - 0x00007ffca4c27000 	C:\WINDOWS\system32\PSAPI.DLL
0x00007ffca4540000 - 0x00007ffca459a000 	C:\WINDOWS\system32\WS2_32.dll
0x00007ffc9ef70000 - 0x00007ffc9ef9a000 	C:\WINDOWS\SYSTEM32\WINMMBASE.dll
0x00007ffca4fc0000 - 0x00007ffca4fc9000 	C:\WINDOWS\system32\NSI.dll
0x00007ffca2550000 - 0x00007ffca259f000 	C:\WINDOWS\SYSTEM32\cfgmgr32.dll
0x00007ffca0f10000 - 0x00007ffca0f38000 	C:\WINDOWS\SYSTEM32\DEVOBJ.dll
0x000000006b1c0000 - 0x000000006b1cf000 	C:\Program Files\Java\jdk1.8.0_20\jre\bin\verify.dll
0x000000006b190000 - 0x000000006b1b8000 	C:\Program Files\Java\jdk1.8.0_20\jre\bin\java.dll
0x000000006b170000 - 0x000000006b186000 	C:\Program Files\Java\jdk1.8.0_20\jre\bin\zip.dll
0x00007ffc82230000 - 0x00007ffc823b9000 	C:\WINDOWS\SYSTEM32\dbghelp.dll

VM Arguments:
jvm_args: -Dfile.encoding=UTF-8 
java_command: GUI.StaffMain
java_class_path (initial): C:\Program Files\NetBeans 8.0.1\ide\modules\ext\mysql-connector-java-5.1.23-bin.jar;C:\Users\Gabriel\Documents\NetBeansProjects\II_Project_Jeison_Gabriel\ll_Project_Programmed_JeisonSaborio_GabrielPerez\jcalendar-1.3.3.jar;C:\Users\Gabriel\Documents\NetBeansProjects\II_Project_Jeison_Gabriel\ll_Project_Programmed_JeisonSaborio_GabrielPerez\commons-codec-1.10.jar;C:\Users\Gabriel\Documents\NetBeansProjects\II_Project_Jeison_Gabriel\ll_Project_Programmed_JeisonSaborio_GabrielPerez\Autocompleter.jar.zip;C:\Users\Gabriel\Documents\NetBeansProjects\II_Project_Jeison_Gabriel\ll_Project_Programmed_JeisonSaborio_GabrielPerez\build\classes
Launcher Type: SUN_STANDARD

Environment Variables:
CLASSPATH=.;.;C:\PROGRA~2\JMF21~1.1E\lib\sound.jar;C:\PROGRA~2\JMF21~1.1E\lib\jmf.jar;C:\PROGRA~2\JMF21~1.1E\lib;
PATH=C:\ProgramData\Oracle\Java\javapath;C:\WINDOWS\system32;C:\WINDOWS;C:\WINDOWS\System32\Wbem;C:\WINDOWS\System32\WindowsPowerShell\v1.0\
USERNAME=Gabriel
OS=Windows_NT
PROCESSOR_IDENTIFIER=Intel64 Family 6 Model 42 Stepping 7, GenuineIntel



---------------  S Y S T E M  ---------------

OS: Windows 8.1 , 64 bit Build 9600 

CPU:total 4 (2 cores per cpu, 2 threads per core) family 6 model 42 stepping 7, cmov, cx8, fxsr, mmx, sse, sse2, sse3, ssse3, sse4.1, sse4.2, popcnt, avx, clmul, ht, tsc, tscinvbit

Memory: 4k page, physical 4127092k(580348k free), swap 4143476k(5352k free)

vm_info: Java HotSpot(TM) 64-Bit Server VM (25.20-b23) for windows-amd64 JRE (1.8.0_20-b26), built on Jul 30 2014 13:51:23 by "java_re" with MS VC++ 10.0 (VS2010)

time: Sat Jun 13 13:34:59 2015
elapsed time: 0 seconds (0d 0h 0m 0s)

