#
# There is insufficient memory for the Java Runtime Environment to continue.
# Native memory allocation (malloc) failed to allocate 152736 bytes for Chunk::new
# Possible reasons:
#   The system is out of physical RAM or swap space
#   In 32 bit mode, the process size limit was hit
# Possible solutions:
#   Reduce memory load on the system
#   Increase physical memory or swap space
#   Check if swap backing store is full
#   Use 64 bit Java on a 64 bit OS
#   Decrease Java heap size (-Xmx/-Xms)
#   Decrease number of Java threads
#   Decrease Java thread stack sizes (-Xss)
#   Set larger code cache with -XX:ReservedCodeCacheSize=
# This output file may be truncated or incomplete.
#
#  Out of Memory Error (allocation.cpp:390), pid=2436, tid=3660
#
# JRE version: Java(TM) SE Runtime Environment (8.0_20-b26) (build 1.8.0_20-b26)
# Java VM: Java HotSpot(TM) 64-Bit Server VM (25.20-b23 mixed mode windows-amd64 compressed oops)
# Failed to write core dump. Minidumps are not enabled by default on client versions of Windows
#

---------------  T H R E A D  ---------------

Current thread (0x0000000014b7e000):  JavaThread "C2 CompilerThread1" daemon [_thread_in_native, id=3660, stack(0x00000000161f0000,0x00000000162f0000)]

Stack: [0x00000000161f0000,0x00000000162f0000]
Native frames: (J=compiled Java code, j=interpreted, Vv=VM code, C=native code)
V  [jvm.dll+0x3152fa]


Current CompileTask:
C2:   1208  345       4       java.util.HashMap::putVal (300 bytes)


---------------  P R O C E S S  ---------------

Java Threads: ( => current thread )
  0x0000000002450800 JavaThread "DestroyJavaVM" [_thread_blocked, id=208, stack(0x0000000002310000,0x0000000002410000)]
  0x00000000167a0800 JavaThread "AWT-EventQueue-0" [_thread_in_vm, id=2868, stack(0x00000000184e0000,0x00000000185e0000)]
  0x0000000016774000 JavaThread "AWT-Windows" daemon [_thread_in_native, id=4980, stack(0x0000000016cf0000,0x0000000016df0000)]
  0x0000000016772800 JavaThread "AWT-Shutdown" [_thread_blocked, id=1888, stack(0x0000000016bf0000,0x0000000016cf0000)]
  0x000000001676b800 JavaThread "Java2D Disposer" daemon [_thread_blocked, id=2656, stack(0x0000000016af0000,0x0000000016bf0000)]
  0x0000000016418800 JavaThread "Service Thread" daemon [_thread_blocked, id=4148, stack(0x00000000167f0000,0x00000000168f0000)]
  0x0000000014ba5000 JavaThread "C1 CompilerThread2" daemon [_thread_blocked, id=4580, stack(0x00000000162f0000,0x00000000163f0000)]
=>0x0000000014b7e000 JavaThread "C2 CompilerThread1" daemon [_thread_in_native, id=3660, stack(0x00000000161f0000,0x00000000162f0000)]
  0x0000000014b7b000 JavaThread "C2 CompilerThread0" daemon [_thread_in_native, id=4600, stack(0x00000000160f0000,0x00000000161f0000)]
  0x0000000014b79000 JavaThread "Attach Listener" daemon [_thread_blocked, id=212, stack(0x0000000015ff0000,0x00000000160f0000)]
  0x0000000014b77800 JavaThread "Signal Dispatcher" daemon [_thread_blocked, id=3344, stack(0x0000000015ef0000,0x0000000015ff0000)]
  0x0000000002544000 JavaThread "Finalizer" daemon [_thread_blocked, id=3696, stack(0x0000000015df0000,0x0000000015ef0000)]
  0x000000000253a800 JavaThread "Reference Handler" daemon [_thread_blocked, id=4024, stack(0x0000000015cf0000,0x0000000015df0000)]

Other Threads:
  0x0000000014b45000 VMThread [stack: 0x0000000015bf0000,0x0000000015cf0000] [id=724]
  0x0000000016427800 WatcherThread [stack: 0x00000000168f0000,0x00000000169f0000] [id=2032]

VM state:not at safepoint (normal execution)

VM Mutex/Monitor currently owned by a thread:  ([mutex/lock_event])
[0x0000000000acc6a0] AdapterHandlerLibrary_lock - owner thread: 0x00000000167a0800

Heap:
 PSYoungGen      total 18944K, used 5609K [0x00000000eb000000, 0x00000000ec500000, 0x0000000100000000)
  eden space 16384K, 34% used [0x00000000eb000000,0x00000000eb57a6c0,0x00000000ec000000)
  from space 2560K, 0% used [0x00000000ec280000,0x00000000ec280000,0x00000000ec500000)
  to   space 2560K, 0% used [0x00000000ec000000,0x00000000ec000000,0x00000000ec280000)
 ParOldGen       total 44032K, used 0K [0x00000000c1000000, 0x00000000c3b00000, 0x00000000eb000000)
  object space 44032K, 0% used [0x00000000c1000000,0x00000000c1000000,0x00000000c3b00000)
 Metaspace       used 9782K, capacity 9902K, committed 10112K, reserved 1058816K
  class space    used 1256K, capacity 1307K, committed 1408K, reserved 1048576K

Card table byte_map: [0x0000000011910000,0x0000000011b10000] byte_map_base: 0x0000000011308000

Marking Bits: (ParMarkBitMap*) 0x000000005336b460
 Begin Bits: [0x0000000012060000, 0x0000000013020000)
 End Bits:   [0x0000000013020000, 0x0000000013fe0000)

Polling page: 0x0000000000a80000

CodeCache: size=245760Kb used=1850Kb max_used=1861Kb free=243909Kb
 bounds [0x0000000002550000, 0x00000000027c0000, 0x0000000011550000]
 total_blobs=761 nmethods=352 adapters=323
 compilation: enabled

Compilation events (10 events):
Event: 1.191 Thread 0x0000000014ba5000  344       3       java.util.LinkedList::linkLast (59 bytes)
Event: 1.191 Thread 0x0000000014ba5000 nmethod 344 0x000000000271e450 code [0x000000000271e5c0, 0x000000000271e910]
Event: 1.199 Thread 0x0000000014ba5000  347       3       javax.swing.UIManager::getDefaults (10 bytes)
Event: 1.199 Thread 0x0000000014ba5000 nmethod 347 0x000000000271dcd0 code [0x000000000271de40, 0x000000000271dfd8]
Event: 1.200 Thread 0x0000000014ba5000  348       3       java.util.ArrayList$Itr::hasNext (20 bytes)
Event: 1.201 Thread 0x0000000014ba5000 nmethod 348 0x000000000271d510 code [0x000000000271d680, 0x000000000271d850]
Event: 1.202 Thread 0x0000000014b7b000  351       4       sun.awt.AppContext::getAppContext (51 bytes)
Event: 1.202 Thread 0x0000000014ba5000  352       3       java.util.Arrays::copyOf (13 bytes)
Event: 1.202 Thread 0x0000000014ba5000 nmethod 352 0x000000000271cd10 code [0x000000000271ce80, 0x000000000271d088]
Event: 1.202 Thread 0x0000000014ba5000  354       3       java.util.ArrayList$Itr::next (66 bytes)

GC Heap History (0 events):
No events

Deoptimization events (0 events):
No events

Internal exceptions (10 events):
Event: 0.963 Thread 0x0000000002450800 Exception <a 'java/lang/ClassNotFoundException': RootPane> (0x00000000eb37eda0) thrown at [D:\re\workspace\8-2-build-windows-amd64-cygwin\jdk8u20\1074\hotspot\src\share\vm\classfile\systemDictionary.cpp, line 202]
Event: 0.967 Thread 0x0000000002450800 Exception <a 'java/security/PrivilegedActionException'> (0x00000000eb382978) thrown at [D:\re\workspace\8-2-build-windows-amd64-cygwin\jdk8u20\1074\hotspot\src\share\vm\prims\jvm.cpp, line 1275]
Event: 0.968 Thread 0x0000000002450800 Exception <a 'java/security/PrivilegedActionException'> (0x00000000eb384638) thrown at [D:\re\workspace\8-2-build-windows-amd64-cygwin\jdk8u20\1074\hotspot\src\share\vm\prims\jvm.cpp, line 1275]
Event: 0.972 Thread 0x0000000002450800 Exception <a 'java/security/PrivilegedActionException'> (0x00000000eb38b5c8) thrown at [D:\re\workspace\8-2-build-windows-amd64-cygwin\jdk8u20\1074\hotspot\src\share\vm\prims\jvm.cpp, line 1275]
Event: 0.972 Thread 0x0000000002450800 Exception <a 'java/security/PrivilegedActionException'> (0x00000000eb38d288) thrown at [D:\re\workspace\8-2-build-windows-amd64-cygwin\jdk8u20\1074\hotspot\src\share\vm\prims\jvm.cpp, line 1275]
Event: 1.005 Thread 0x0000000002450800 Exception <a 'java/security/PrivilegedActionException'> (0x00000000eb3e3fc8) thrown at [D:\re\workspace\8-2-build-windows-amd64-cygwin\jdk8u20\1074\hotspot\src\share\vm\prims\jvm.cpp, line 1275]
Event: 1.029 Thread 0x00000000167a0800 Exception <a 'java/security/PrivilegedActionException'> (0x00000000eb494ee8) thrown at [D:\re\workspace\8-2-build-windows-amd64-cygwin\jdk8u20\1074\hotspot\src\share\vm\prims\jvm.cpp, line 1275]
Event: 1.029 Thread 0x00000000167a0800 Exception <a 'java/security/PrivilegedActionException'> (0x00000000eb496ec8) thrown at [D:\re\workspace\8-2-build-windows-amd64-cygwin\jdk8u20\1074\hotspot\src\share\vm\prims\jvm.cpp, line 1275]
Event: 1.030 Thread 0x00000000167a0800 Exception <a 'java/security/PrivilegedActionException'> (0x00000000eb49b0a0) thrown at [D:\re\workspace\8-2-build-windows-amd64-cygwin\jdk8u20\1074\hotspot\src\share\vm\prims\jvm.cpp, line 1275]
Event: 1.030 Thread 0x00000000167a0800 Exception <a 'java/security/PrivilegedActionException'> (0x00000000eb49d080) thrown at [D:\re\workspace\8-2-build-windows-amd64-cygwin\jdk8u20\1074\hotspot\src\share\vm\prims\jvm.cpp, line 1275]

Events (10 events):
Event: 1.187 loading class javax/swing/plaf/synth/SynthComboBoxUI$ButtonHandler
Event: 1.187 loading class javax/swing/event/PopupMenuListener
Event: 1.187 loading class javax/swing/event/PopupMenuListener done
Event: 1.187 loading class javax/swing/DefaultButtonModel
Event: 1.187 loading class javax/swing/ButtonModel
Event: 1.187 loading class javax/swing/ButtonModel done
Event: 1.187 loading class javax/swing/DefaultButtonModel done
Event: 1.187 loading class javax/swing/plaf/synth/SynthComboBoxUI$ButtonHandler done
Event: 1.188 loading class javax/swing/plaf/nimbus/ComboBoxPainter
Event: 1.189 loading class javax/swing/plaf/nimbus/ComboBoxPainter done


Dynamic libraries:
0x00007ff66c720000 - 0x00007ff66c754000 	C:\Program Files\Java\jdk1.8.0_20\jre\bin\java.exe
0x00007ffc29010000 - 0x00007ffc291bc000 	C:\WINDOWS\SYSTEM32\ntdll.dll
0x00007ffc28a50000 - 0x00007ffc28b8e000 	C:\WINDOWS\system32\KERNEL32.DLL
0x00007ffc26570000 - 0x00007ffc26685000 	C:\WINDOWS\system32\KERNELBASE.dll
0x00007ffc24d00000 - 0x00007ffc24d8e000 	C:\WINDOWS\system32\apphelp.dll
0x00007ffc10590000 - 0x00007ffc105e3000 	C:\WINDOWS\AppPatch\AppPatch64\AcGenral.DLL
0x00007ffc28b90000 - 0x00007ffc28c3a000 	C:\WINDOWS\system32\msvcrt.dll
0x00007ffc25f30000 - 0x00007ffc25f5e000 	C:\WINDOWS\SYSTEM32\SspiCli.dll
0x00007ffc26cf0000 - 0x00007ffc26d44000 	C:\WINDOWS\system32\SHLWAPI.dll
0x00007ffc287e0000 - 0x00007ffc28957000 	C:\WINDOWS\system32\USER32.dll
0x00007ffc26690000 - 0x00007ffc26824000 	C:\WINDOWS\system32\ole32.dll
0x00007ffc27060000 - 0x00007ffc28578000 	C:\WINDOWS\system32\SHELL32.dll
0x00007ffc256d0000 - 0x00007ffc256f1000 	C:\WINDOWS\SYSTEM32\USERENV.dll
0x00007ffc28c40000 - 0x00007ffc28cea000 	C:\WINDOWS\system32\ADVAPI32.dll
0x00007ffc22dc0000 - 0x00007ffc22dde000 	C:\WINDOWS\SYSTEM32\MPR.dll
0x00007ffc28d00000 - 0x00007ffc28e41000 	C:\WINDOWS\system32\RPCRT4.dll
0x00007ffc28760000 - 0x00007ffc287b9000 	C:\WINDOWS\SYSTEM32\sechost.dll
0x00007ffc26a00000 - 0x00007ffc26c11000 	C:\WINDOWS\SYSTEM32\combase.dll
0x00007ffc28e50000 - 0x00007ffc28fa1000 	C:\WINDOWS\system32\GDI32.dll
0x00007ffc26160000 - 0x00007ffc26175000 	C:\WINDOWS\SYSTEM32\profapi.dll
0x00007ffc24520000 - 0x00007ffc245d2000 	C:\WINDOWS\SYSTEM32\SHCORE.dll
0x00007ffc26950000 - 0x00007ffc26986000 	C:\WINDOWS\system32\IMM32.DLL
0x00007ffc26d50000 - 0x00007ffc26ea2000 	C:\WINDOWS\system32\MSCTF.dll
0x00007ffc23d90000 - 0x00007ffc2400b000 	C:\WINDOWS\WinSxS\amd64_microsoft.windows.common-controls_6595b64144ccf1df_6.0.9600.17784_none_624760d1ecb7236e\COMCTL32.dll
0x0000000053450000 - 0x0000000053522000 	C:\Program Files\Java\jdk1.8.0_20\jre\bin\msvcr100.dll
0x0000000052b90000 - 0x00000000533e8000 	C:\Program Files\Java\jdk1.8.0_20\jre\bin\server\jvm.dll
0x00007ffc22cf0000 - 0x00007ffc22cf9000 	C:\WINDOWS\SYSTEM32\WSOCK32.dll
0x00007ffc22f00000 - 0x00007ffc22f22000 	C:\WINDOWS\SYSTEM32\WINMM.dll
0x00007ffc287c0000 - 0x00007ffc287c7000 	C:\WINDOWS\system32\PSAPI.DLL
0x00007ffc268f0000 - 0x00007ffc2694a000 	C:\WINDOWS\system32\WS2_32.dll
0x00007ffc21e10000 - 0x00007ffc21e3a000 	C:\WINDOWS\SYSTEM32\WINMMBASE.dll
0x00007ffc287d0000 - 0x00007ffc287d9000 	C:\WINDOWS\system32\NSI.dll
0x00007ffc26410000 - 0x00007ffc2645f000 	C:\WINDOWS\SYSTEM32\cfgmgr32.dll
0x00007ffc24f60000 - 0x00007ffc24f88000 	C:\WINDOWS\SYSTEM32\DEVOBJ.dll
0x00000000537c0000 - 0x00000000537cf000 	C:\Program Files\Java\jdk1.8.0_20\jre\bin\verify.dll
0x0000000053790000 - 0x00000000537b8000 	C:\Program Files\Java\jdk1.8.0_20\jre\bin\java.dll
0x0000000053770000 - 0x0000000053786000 	C:\Program Files\Java\jdk1.8.0_20\jre\bin\zip.dll
0x00000000529b0000 - 0x0000000052b48000 	C:\Program Files\Java\jdk1.8.0_20\jre\bin\awt.dll
0x00007ffc26c20000 - 0x00007ffc26ce1000 	C:\WINDOWS\system32\OLEAUT32.dll
0x00007ffc24e30000 - 0x00007ffc24f59000 	C:\WINDOWS\system32\uxtheme.dll
0x00007ffc24310000 - 0x00007ffc24331000 	C:\WINDOWS\system32\dwmapi.dll
0x00007ffc24e20000 - 0x00007ffc24e2b000 	C:\WINDOWS\SYSTEM32\kernel.appcore.dll
0x00007ffc25fd0000 - 0x00007ffc25fdb000 	C:\WINDOWS\SYSTEM32\CRYPTBASE.dll
0x00007ffc25f60000 - 0x00007ffc25fc3000 	C:\WINDOWS\SYSTEM32\bcryptPrimitives.dll
0x0000000052960000 - 0x00000000529a7000 	C:\Program Files\Java\jdk1.8.0_20\jre\bin\fontmanager.dll

VM Arguments:
jvm_args: -Dfile.encoding=UTF-8 
java_command: GUI.StaffMain
java_class_path (initial): C:\Program Files\NetBeans 8.0.1\ide\modules\ext\mysql-connector-java-5.1.23-bin.jar;C:\Users\Gabriel\Documents\NetBeansProjects\II_Project_Jeison_Gabriel\ll_Project_Programmed_JeisonSaborio_GabrielPerez\jcalendar-1.3.3.jar;C:\Users\Gabriel\Documents\NetBeansProjects\II_Project_Jeison_Gabriel\ll_Project_Programmed_JeisonSaborio_GabrielPerez\commons-codec-1.10.jar;C:\Users\Gabriel\Documents\NetBeansProjects\II_Project_Jeison_Gabriel\ll_Project_Programmed_JeisonSaborio_GabrielPerez\build\classes
Launcher Type: SUN_STANDARD

Environment Variables:
CLASSPATH=.;.;C:\PROGRA~2\JMF21~1.1E\lib\sound.jar;C:\PROGRA~2\JMF21~1.1E\lib\jmf.jar;C:\PROGRA~2\JMF21~1.1E\lib;
PATH=C:\ProgramData\Oracle\Java\javapath;C:\WINDOWS\system32;C:\WINDOWS;C:\WINDOWS\System32\Wbem;C:\WINDOWS\System32\WindowsPowerShell\v1.0\
USERNAME=Gabriel
OS=Windows_NT
PROCESSOR_IDENTIFIER=Intel64 Family 6 Model 42 Stepping 7, GenuineIntel



---------------  S Y S T E M  ---------------

OS: Windows 8.1 , 64 bit Build 9600 

CPU:total 4 (2 cores per cpu, 2 threads per core) family 6 model 42 stepping 7, cmov, cx8, fxsr, mmx, sse, sse2, sse3, ssse3, sse4.1, sse4.2, popcnt, avx, clmul, ht, tsc, tscinvbit

Memory: 4k page, physical 4127092k(740136k free), swap 4143476k(5180k free)

vm_info: Java HotSpot(TM) 64-Bit Server VM (25.20-b23) for windows-amd64 JRE (1.8.0_20-b26), built on Jul 30 2014 13:51:23 by "java_re" with MS VC++ 10.0 (VS2010)

time: Wed Jun 10 23:36:13 2015
elapsed time: 1 seconds (0d 0h 0m 1s)

